0 info it worked if it ends with ok
1 verbose cli [ '/usr/local/bin/node', '/usr/local/bin/npm', 'run', 'lint' ]
2 info using npm@3.3.12
3 info using node@v5.3.0
4 verbose run-script [ 'prelint', 'lint', 'postlint' ]
5 info lifecycle webpayments@1.0.0~prelint: webpayments@1.0.0
6 silly lifecycle webpayments@1.0.0~prelint: no script for prelint, continuing
7 info lifecycle webpayments@1.0.0~lint: webpayments@1.0.0
8 verbose lifecycle webpayments@1.0.0~lint: unsafe-perm in lifecycle true
9 verbose lifecycle webpayments@1.0.0~lint: PATH: /usr/local/lib/node_modules/npm/bin/node-gyp-bin:/opt/workspace/webpayments-polyfill/node_modules/.bin:/home/moon/.gvm/bin:/home/moon/bin:/home/moon/.local/bin:/usr/local/sbin:/usr/local/bin:/usr/sbin:/usr/bin:/sbin:/bin:/usr/games:/usr/local/games:/home/moon/opt/AWS-ElasticBeanstalk-CLI-2.6.3/eb/linux/python2.7/:/usr/local/go/bin:/home/moon/go/bin:/home/moon/opt/android/sdk/platform-tools:/home/moon/opt/android/sdk/tools:/home/moon/opt/depot_tools:/usr/local/go/bin:/home/moon/opt/go/bin:/home/moon/opt/google-cloud-sdk/bin:/home/moon/.fzf/bin
10 verbose lifecycle webpayments@1.0.0~lint: CWD: /opt/workspace/webpayments-polyfill
11 silly lifecycle webpayments@1.0.0~lint: Args: [ '-c', 'eslint .' ]
12 silly lifecycle webpayments@1.0.0~lint: Returned: code: 1  signal: null
13 info lifecycle webpayments@1.0.0~lint: Failed to exec lint script
14 verbose stack Error: webpayments@1.0.0 lint: `eslint .`
14 verbose stack Exit status 1
14 verbose stack     at EventEmitter.<anonymous> (/usr/local/lib/node_modules/npm/lib/utils/lifecycle.js:232:16)
14 verbose stack     at emitTwo (events.js:87:13)
14 verbose stack     at EventEmitter.emit (events.js:172:7)
14 verbose stack     at ChildProcess.<anonymous> (/usr/local/lib/node_modules/npm/lib/utils/spawn.js:24:14)
14 verbose stack     at emitTwo (events.js:87:13)
14 verbose stack     at ChildProcess.emit (events.js:172:7)
14 verbose stack     at maybeClose (internal/child_process.js:818:16)
14 verbose stack     at Process.ChildProcess._handle.onexit (internal/child_process.js:211:5)
15 verbose pkgid webpayments@1.0.0
16 verbose cwd /opt/workspace/webpayments-polyfill
17 error Linux 4.2.0-23-generic
18 error argv "/usr/local/bin/node" "/usr/local/bin/npm" "run" "lint"
19 error node v5.3.0
20 error npm  v3.3.12
21 error code ELIFECYCLE
22 error webpayments@1.0.0 lint: `eslint .`
22 error Exit status 1
23 error Failed at the webpayments@1.0.0 lint script 'eslint .'.
23 error Make sure you have the latest version of node.js and npm installed.
23 error If you do, this is most likely a problem with the webpayments package,
23 error not with npm itself.
23 error Tell the author that this fails on your system:
23 error     eslint .
23 error You can get their info via:
23 error     npm owner ls webpayments
23 error There is likely additional logging output above.
24 verbose exit [ 1, true ]
